<?xml version="1.0" encoding="UTF-8"?>
<!-- Generated by org.testng.reporters.JUnitReportReporter -->
<testsuite hostname="DESKTOP-BBF6AO1" failures="0" tests="1" name="UtilTest" time="0.006" errors="0" timestamp="2022-11-11T18:58:36 MEZ" skipped="0">
  <testcase classname="UtilTest" name="newEntry" time="0.006"/>
  <system-out/>
</testsuite> <!-- UtilTest -->
