<?xml version="1.0" encoding="UTF-8"?>
<!-- Generated by org.testng.reporters.JUnitReportReporter -->
<testsuite hostname="DESKTOP-BBF6AO1" failures="0" tests="1" name="MatchFinderTest" time="0.003" errors="0" timestamp="2022-11-11T18:01:46 MEZ" skipped="0">
  <testcase classname="MatchFinderTest" name="testExampleString" time="0.003"/>
  <system-out/>
</testsuite> <!-- MatchFinderTest -->
